<?xml version="1.0" encoding="UTF-8"?>
<!-- Generated by org.testng.reporters.JUnitReportReporter -->
<testsuite skipped="0" hostname="INAIRLT542237" name="com.test.UI.GoogleTest" tests="3" failures="0" timestamp="2019-12-26T15:15:08 IST" time="36.888" errors="0">
  <testcase name="GOOGLE1" time="12.427" classname="com.test.UI.GoogleTest"/>
  <testcase name="GOOGLE3" time="7.871" classname="com.test.UI.GoogleTest"/>
  <testcase name="GOOGLE2" time="16.590" classname="com.test.UI.GoogleTest"/>
</testsuite> <!-- com.test.UI.GoogleTest -->
