<?xml version="1.0" encoding="UTF-8"?>
<!-- Generated by org.testng.reporters.JUnitReportReporter -->
<testsuite skipped="0" hostname="INAIRLT542237" name="com.test.UI.GoogleTest" tests="3" failures="0" timestamp="2019-12-26T13:44:29 IST" time="20.335" errors="0">
  <testcase name="GOOGLE2" time="6.947" classname="com.test.UI.GoogleTest"/>
  <testcase name="GOOGLE1" time="3.080" classname="com.test.UI.GoogleTest"/>
  <testcase name="GOOGLE3" time="10.308" classname="com.test.UI.GoogleTest"/>
</testsuite> <!-- com.test.UI.GoogleTest -->
